EDA Netlist Writer report for final
Tue Jun 15 14:41:48 2021
Quartus II Version 9.1 Build 350 03/24/2010 Service Pack 2 SJ Web Edition


---------------------
; Table of Contents ;
---------------------
  1. Legal Notice
  2. EDA Netlist Writer Summary
  3. Simulation Settings
  4. Simulation Generated Files
  5. Timing Analysis Settings
  6. Timing Analysis Generated Files
  7. EDA Netlist Writer Messages



----------------
; Legal Notice ;
----------------
Copyright (C) 1991-2010 Altera Corporation
Your use of Altera Corporation's design tools, logic functions 
and other software and tools, and its AMPP partner logic 
functions, and any output files from any of the foregoing 
(including device programming or simulation files), and any 
associated documentation or information are expressly subject 
to the terms and conditions of the Altera Program License 
Subscription Agreement, Altera MegaCore Function License 
Agreement, or other applicable license agreement, including, 
without limitation, that your use is for the sole purpose of 
programming logic devices manufactured by Altera and sold by 
Altera or its authorized distributors.  Please refer to the 
applicable agreement for further details.



+------------------------------------------------------------------------+
; EDA Netlist Writer Summary                                             ;
+--------------------------------+---------------------------------------+
; EDA Netlist Writer Status      ; Successful - Tue Jun 15 14:41:48 2021 ;
; Revision Name                  ; final                                 ;
; Top-level Entity Name          ; final                                 ;
; Family                         ; Cyclone III                           ;
; Simulation Files Creation      ; Successful                            ;
; Timing Analysis Files Creation ; Successful                            ;
+--------------------------------+---------------------------------------+


+-------------------------------------------------------------------------------------------------------------------------------+
; Simulation Settings                                                                                                           ;
+---------------------------------------------------------------------------------------------------+---------------------------+
; Option                                                                                            ; Setting                   ;
+---------------------------------------------------------------------------------------------------+---------------------------+
; Tool Name                                                                                         ; ModelSim-Altera (Verilog) ;
; Generate netlist for functional simulation only                                                   ; Off                       ;
; Time scale                                                                                        ; 1 ps                      ;
; Truncate long hierarchy paths                                                                     ; Off                       ;
; Map illegal HDL characters                                                                        ; Off                       ;
; Flatten buses into individual nodes                                                               ; Off                       ;
; Maintain hierarchy                                                                                ; Off                       ;
; Bring out device-wide set/reset signals as ports                                                  ; Off                       ;
; Enable glitch filtering                                                                           ; Off                       ;
; Do not write top level VHDL entity                                                                ; Off                       ;
; Disable detection of setup and hold time violations in the input registers of bi-directional pins ; Off                       ;
; Architecture name in VHDL output netlist                                                          ; structure                 ;
; Generate third-party EDA tool command script for RTL functional simulation                        ; Off                       ;
; Generate third-party EDA tool command script for gate-level simulation                            ; Off                       ;
+---------------------------------------------------------------------------------------------------+---------------------------+


+----------------------------------------------------------------------------------------+
; Simulation Generated Files                                                             ;
+----------------------------------------------------------------------------------------+
; Generated Files                                                                        ;
+----------------------------------------------------------------------------------------+
; C:/Users/YANGLONG TAY/Desktop/final/simulation/modelsim/final_6_1200mv_85c_slow.vo     ;
; C:/Users/YANGLONG TAY/Desktop/final/simulation/modelsim/final_6_1200mv_0c_slow.vo      ;
; C:/Users/YANGLONG TAY/Desktop/final/simulation/modelsim/final_min_1200mv_0c_fast.vo    ;
; C:/Users/YANGLONG TAY/Desktop/final/simulation/modelsim/final.vo                       ;
; C:/Users/YANGLONG TAY/Desktop/final/simulation/modelsim/final_6_1200mv_85c_v_slow.sdo  ;
; C:/Users/YANGLONG TAY/Desktop/final/simulation/modelsim/final_6_1200mv_0c_v_slow.sdo   ;
; C:/Users/YANGLONG TAY/Desktop/final/simulation/modelsim/final_min_1200mv_0c_v_fast.sdo ;
; C:/Users/YANGLONG TAY/Desktop/final/simulation/modelsim/final_v.sdo                    ;
+----------------------------------------------------------------------------------------+


+-----------------------------------------------------------+
; Timing Analysis Settings                                  ;
+-------------------------------------+---------------------+
; Option                              ; Setting             ;
+-------------------------------------+---------------------+
; Tool Name                           ; PrimeTime (Verilog) ;
; Time scale                          ; 1 ps                ;
; Truncate long hierarchy paths       ; Off                 ;
; Map illegal HDL characters          ; Off                 ;
; Flatten buses into individual nodes ; Off                 ;
+-------------------------------------+---------------------+


+-------------------------------------------------------------------------------------+
; Timing Analysis Generated Files                                                     ;
+-------------------------------------------------------------------------------------+
; Generated Files                                                                     ;
+-------------------------------------------------------------------------------------+
; C:/Users/YANGLONG TAY/Desktop/final/timing/primetime/final.vo                       ;
; C:/Users/YANGLONG TAY/Desktop/final/timing/primetime/final_6_1200mv_85c_v_slow.sdo  ;
; C:/Users/YANGLONG TAY/Desktop/final/timing/primetime/final_6_1200mv_0c_v_slow.sdo   ;
; C:/Users/YANGLONG TAY/Desktop/final/timing/primetime/final_min_1200mv_0c_v_fast.sdo ;
; C:/Users/YANGLONG TAY/Desktop/final/timing/primetime/final_v.sdo                    ;
; C:/Users/YANGLONG TAY/Desktop/final/timing/primetime/final.collections.sdc          ;
; C:/Users/YANGLONG TAY/Desktop/final/timing/primetime/final.pt.tcl                   ;
; C:/Users/YANGLONG TAY/Desktop/final/timing/primetime/final.constraints.sdc          ;
+-------------------------------------------------------------------------------------+


+-----------------------------+
; EDA Netlist Writer Messages ;
+-----------------------------+
Info: *******************************************************************
Info: Running Quartus II EDA Netlist Writer
    Info: Version 9.1 Build 350 03/24/2010 Service Pack 2 SJ Web Edition
    Info: Processing started: Tue Jun 15 14:41:47 2021
Info: Command: quartus_eda --read_settings_files=off --write_settings_files=off final -c final
Info: Generated file final_6_1200mv_85c_slow.vo in folder "C:/Users/YANGLONG TAY/Desktop/final/simulation/modelsim/" for EDA simulation tool
Info: Generated file final_6_1200mv_0c_slow.vo in folder "C:/Users/YANGLONG TAY/Desktop/final/simulation/modelsim/" for EDA simulation tool
Info: Generated file final_min_1200mv_0c_fast.vo in folder "C:/Users/YANGLONG TAY/Desktop/final/simulation/modelsim/" for EDA simulation tool
Info: Generated file final.vo in folder "C:/Users/YANGLONG TAY/Desktop/final/simulation/modelsim/" for EDA simulation tool
Info: Generated file final_6_1200mv_85c_v_slow.sdo in folder "C:/Users/YANGLONG TAY/Desktop/final/simulation/modelsim/" for EDA simulation tool
Info: Generated file final_6_1200mv_0c_v_slow.sdo in folder "C:/Users/YANGLONG TAY/Desktop/final/simulation/modelsim/" for EDA simulation tool
Info: Generated file final_min_1200mv_0c_v_fast.sdo in folder "C:/Users/YANGLONG TAY/Desktop/final/simulation/modelsim/" for EDA simulation tool
Info: Generated file final_v.sdo in folder "C:/Users/YANGLONG TAY/Desktop/final/simulation/modelsim/" for EDA simulation tool
Info: Generated file final.vo in folder "C:/Users/YANGLONG TAY/Desktop/final/timing/primetime/" for EDA timing analysis tool
Info: Generated file final_6_1200mv_85c_v_slow.sdo in folder "C:/Users/YANGLONG TAY/Desktop/final/timing/primetime/" for EDA timing analysis tool
Info: Generated file final_6_1200mv_0c_v_slow.sdo in folder "C:/Users/YANGLONG TAY/Desktop/final/timing/primetime/" for EDA timing analysis tool
Info: Generated file final_min_1200mv_0c_v_fast.sdo in folder "C:/Users/YANGLONG TAY/Desktop/final/timing/primetime/" for EDA timing analysis tool
Info: Generated file final_v.sdo in folder "C:/Users/YANGLONG TAY/Desktop/final/timing/primetime/" for EDA timing analysis tool
Info: ------------------------------------------------------------
Info: eda_pt_script.tcl version: #1
Info: eda_pt_generate.tcl version: #1
Info: eda_pt_conversion.tcl version: #1
Info: ------------------------------------------------------------
Info: --------------------------------------------------------
Info: Generated C:/Users/YANGLONG TAY/Desktop/final/timing/primetime/final.collections.sdc
Info: --------------------------------------------------------
Info: --------------------------------------------------------
Info: Generated C:/Users/YANGLONG TAY/Desktop/final/timing/primetime/final.pt.tcl
Info: --------------------------------------------------------
Info: Quartus II EDA Netlist Writer was successful. 0 errors, 0 warnings
    Info: Peak virtual memory: 213 megabytes
    Info: Processing ended: Tue Jun 15 14:41:48 2021
    Info: Elapsed time: 00:00:01
    Info: Total CPU time (on all processors): 00:00:01


