Analysis & Synthesis report for final
Tue Jun 15 14:41:39 2021
Quartus II Version 9.1 Build 350 03/24/2010 Service Pack 2 SJ Web Edition


---------------------
; Table of Contents ;
---------------------
  1. Legal Notice
  2. Analysis & Synthesis Summary
  3. Analysis & Synthesis Settings
  4. Parallel Compilation
  5. Analysis & Synthesis Source Files Read
  6. Analysis & Synthesis Resource Usage Summary
  7. Analysis & Synthesis Resource Utilization by Entity
  8. State Machine - |final|game:comb_5|current_state
  9. User-Specified and Inferred Latches
 10. Registers Removed During Synthesis
 11. General Register Statistics
 12. Inverted Register Statistics
 13. Multiplexer Restructuring Statistics (Restructuring Performed)
 14. Port Connectivity Checks: "seg:comb_24"
 15. Port Connectivity Checks: "seg:comb_23"
 16. Port Connectivity Checks: "seg:comb_22"
 17. Port Connectivity Checks: "seg:comb_21"
 18. Port Connectivity Checks: "timerclock:comb_3"
 19. Analysis & Synthesis Messages
 20. Analysis & Synthesis Suppressed Messages



----------------
; Legal Notice ;
----------------
Copyright (C) 1991-2010 Altera Corporation
Your use of Altera Corporation's design tools, logic functions 
and other software and tools, and its AMPP partner logic 
functions, and any output files from any of the foregoing 
(including device programming or simulation files), and any 
associated documentation or information are expressly subject 
to the terms and conditions of the Altera Program License 
Subscription Agreement, Altera MegaCore Function License 
Agreement, or other applicable license agreement, including, 
without limitation, that your use is for the sole purpose of 
programming logic devices manufactured by Altera and sold by 
Altera or its authorized distributors.  Please refer to the 
applicable agreement for further details.



+-----------------------------------------------------------------------------------+
; Analysis & Synthesis Summary                                                      ;
+------------------------------------+----------------------------------------------+
; Analysis & Synthesis Status        ; Successful - Tue Jun 15 14:41:39 2021        ;
; Quartus II Version                 ; 9.1 Build 350 03/24/2010 SP 2 SJ Web Edition ;
; Revision Name                      ; final                                        ;
; Top-level Entity Name              ; final                                        ;
; Family                             ; Cyclone III                                  ;
; Total logic elements               ; 132                                          ;
;     Total combinational functions  ; 132                                          ;
;     Dedicated logic registers      ; 50                                           ;
; Total registers                    ; 50                                           ;
; Total pins                         ; 44                                           ;
; Total virtual pins                 ; 0                                            ;
; Total memory bits                  ; 0                                            ;
; Embedded Multiplier 9-bit elements ; 0                                            ;
; Total PLLs                         ; 0                                            ;
+------------------------------------+----------------------------------------------+


+----------------------------------------------------------------------------------------------------------------------+
; Analysis & Synthesis Settings                                                                                        ;
+----------------------------------------------------------------------------+--------------------+--------------------+
; Option                                                                     ; Setting            ; Default Value      ;
+----------------------------------------------------------------------------+--------------------+--------------------+
; Device                                                                     ; EP3C16F484C6       ;                    ;
; Top-level entity name                                                      ; final              ; final              ;
; Family name                                                                ; Cyclone III        ; Stratix II         ;
; Type of Retiming Performed During Resynthesis                              ; Full               ;                    ;
; Resynthesis Optimization Effort                                            ; Normal             ;                    ;
; Physical Synthesis Level for Resynthesis                                   ; Normal             ;                    ;
; Use Generated Physical Constraints File                                    ; On                 ;                    ;
; Use smart compilation                                                      ; Off                ; Off                ;
; Enable parallel Assembler and TimeQuest Timing Analyzer during compilation ; On                 ; On                 ;
; Enable compact report table                                                ; Off                ; Off                ;
; Restructure Multiplexers                                                   ; Auto               ; Auto               ;
; Create Debugging Nodes for IP Cores                                        ; Off                ; Off                ;
; Preserve fewer node names                                                  ; On                 ; On                 ;
; Disable OpenCore Plus hardware evaluation                                  ; Off                ; Off                ;
; Verilog Version                                                            ; Verilog_2001       ; Verilog_2001       ;
; VHDL Version                                                               ; VHDL_1993          ; VHDL_1993          ;
; State Machine Processing                                                   ; Auto               ; Auto               ;
; Safe State Machine                                                         ; Off                ; Off                ;
; Extract Verilog State Machines                                             ; On                 ; On                 ;
; Extract VHDL State Machines                                                ; On                 ; On                 ;
; Ignore Verilog initial constructs                                          ; Off                ; Off                ;
; Iteration limit for constant Verilog loops                                 ; 5000               ; 5000               ;
; Iteration limit for non-constant Verilog loops                             ; 250                ; 250                ;
; Add Pass-Through Logic to Inferred RAMs                                    ; On                 ; On                 ;
; Parallel Synthesis                                                         ; On                 ; On                 ;
; DSP Block Balancing                                                        ; Auto               ; Auto               ;
; NOT Gate Push-Back                                                         ; On                 ; On                 ;
; Power-Up Don't Care                                                        ; On                 ; On                 ;
; Remove Redundant Logic Cells                                               ; Off                ; Off                ;
; Remove Duplicate Registers                                                 ; On                 ; On                 ;
; Ignore CARRY Buffers                                                       ; Off                ; Off                ;
; Ignore CASCADE Buffers                                                     ; Off                ; Off                ;
; Ignore GLOBAL Buffers                                                      ; Off                ; Off                ;
; Ignore ROW GLOBAL Buffers                                                  ; Off                ; Off                ;
; Ignore LCELL Buffers                                                       ; Off                ; Off                ;
; Ignore SOFT Buffers                                                        ; On                 ; On                 ;
; Limit AHDL Integers to 32 Bits                                             ; Off                ; Off                ;
; Optimization Technique                                                     ; Balanced           ; Balanced           ;
; Carry Chain Length                                                         ; 70                 ; 70                 ;
; Auto Carry Chains                                                          ; On                 ; On                 ;
; Auto Open-Drain Pins                                                       ; On                 ; On                 ;
; Perform WYSIWYG Primitive Resynthesis                                      ; Off                ; Off                ;
; Auto ROM Replacement                                                       ; On                 ; On                 ;
; Auto RAM Replacement                                                       ; On                 ; On                 ;
; Auto DSP Block Replacement                                                 ; On                 ; On                 ;
; Auto Shift Register Replacement                                            ; Auto               ; Auto               ;
; Auto Clock Enable Replacement                                              ; On                 ; On                 ;
; Strict RAM Replacement                                                     ; Off                ; Off                ;
; Allow Synchronous Control Signals                                          ; On                 ; On                 ;
; Force Use of Synchronous Clear Signals                                     ; Off                ; Off                ;
; Auto RAM Block Balancing                                                   ; On                 ; On                 ;
; Auto RAM to Logic Cell Conversion                                          ; Off                ; Off                ;
; Auto Resource Sharing                                                      ; Off                ; Off                ;
; Allow Any RAM Size For Recognition                                         ; Off                ; Off                ;
; Allow Any ROM Size For Recognition                                         ; Off                ; Off                ;
; Allow Any Shift Register Size For Recognition                              ; Off                ; Off                ;
; Use LogicLock Constraints during Resource Balancing                        ; On                 ; On                 ;
; Ignore translate_off and synthesis_off directives                          ; Off                ; Off                ;
; Timing-Driven Synthesis                                                    ; On                 ; On                 ;
; Show Parameter Settings Tables in Synthesis Report                         ; On                 ; On                 ;
; Ignore Maximum Fan-Out Assignments                                         ; Off                ; Off                ;
; Synchronization Register Chain Length                                      ; 2                  ; 2                  ;
; PowerPlay Power Optimization                                               ; Normal compilation ; Normal compilation ;
; HDL message level                                                          ; Level2             ; Level2             ;
; Suppress Register Optimization Related Messages                            ; Off                ; Off                ;
; Number of Removed Registers Reported in Synthesis Report                   ; 5000               ; 5000               ;
; Number of Inverted Registers Reported in Synthesis Report                  ; 100                ; 100                ;
; Clock MUX Protection                                                       ; On                 ; On                 ;
; Auto Gated Clock Conversion                                                ; Off                ; Off                ;
; Block Design Naming                                                        ; Auto               ; Auto               ;
; SDC constraint protection                                                  ; Off                ; Off                ;
; Synthesis Effort                                                           ; Auto               ; Auto               ;
; Shift Register Replacement - Allow Asynchronous Clear Signal               ; On                 ; On                 ;
; Analysis & Synthesis Message Level                                         ; Medium             ; Medium             ;
; Disable Register Merging Across Hierarchies                                ; Auto               ; Auto               ;
; Resource Aware Inference For Block RAM                                     ; On                 ; On                 ;
+----------------------------------------------------------------------------+--------------------+--------------------+


Parallel compilation was disabled, but you have multiple processors available. Enable parallel compilation to reduce compilation time.
+-------------------------------------+
; Parallel Compilation                ;
+----------------------------+--------+
; Processors                 ; Number ;
+----------------------------+--------+
; Number detected on machine ; 6      ;
; Maximum allowed            ; 1      ;
+----------------------------+--------+


+---------------------------------------------------------------------------------------------------------------------------+
; Analysis & Synthesis Source Files Read                                                                                    ;
+----------------------------------+-----------------+------------------------+---------------------------------------------+
; File Name with User-Entered Path ; Used in Netlist ; File Type              ; File Name with Absolute Path                ;
+----------------------------------+-----------------+------------------------+---------------------------------------------+
; final.v                          ; yes             ; User Verilog HDL File  ; C:/Users/YANGLONG TAY/Desktop/final/final.v ;
+----------------------------------+-----------------+------------------------+---------------------------------------------+


+---------------------------------------------------------+
; Analysis & Synthesis Resource Usage Summary             ;
+---------------------------------------------+-----------+
; Resource                                    ; Usage     ;
+---------------------------------------------+-----------+
; Estimated Total logic elements              ; 132       ;
;                                             ;           ;
; Total combinational functions               ; 132       ;
; Logic element usage by number of LUT inputs ;           ;
;     -- 4 input functions                    ; 57        ;
;     -- 3 input functions                    ; 18        ;
;     -- <=2 input functions                  ; 57        ;
;                                             ;           ;
; Logic elements by mode                      ;           ;
;     -- normal mode                          ; 100       ;
;     -- arithmetic mode                      ; 32        ;
;                                             ;           ;
; Total registers                             ; 50        ;
;     -- Dedicated logic registers            ; 50        ;
;     -- I/O registers                        ; 0         ;
;                                             ;           ;
; I/O pins                                    ; 44        ;
; Maximum fan-out node                        ; clk~input ;
; Maximum fan-out                             ; 44        ;
; Total fan-out                               ; 571       ;
; Average fan-out                             ; 2.11      ;
+---------------------------------------------+-----------+


+-----------------------------------------------------------------------------------------------------------------------------------------------------------------------------------------------+
; Analysis & Synthesis Resource Utilization by Entity                                                                                                                                           ;
+----------------------------+-------------------+--------------+-------------+--------------+---------+-----------+------+--------------+---------------------------------------+--------------+
; Compilation Hierarchy Node ; LC Combinationals ; LC Registers ; Memory Bits ; DSP Elements ; DSP 9x9 ; DSP 18x18 ; Pins ; Virtual Pins ; Full Hierarchy Name                   ; Library Name ;
+----------------------------+-------------------+--------------+-------------+--------------+---------+-----------+------+--------------+---------------------------------------+--------------+
; |final                     ; 132 (8)           ; 50 (0)       ; 0           ; 0            ; 0       ; 0         ; 44   ; 0            ; |final                                ; work         ;
;    |game:comb_5|           ; 48 (48)           ; 15 (15)      ; 0           ; 0            ; 0       ; 0         ; 0    ; 0            ; |final|game:comb_5                    ;              ;
;    |seg:comb_22|           ; 7 (7)             ; 0 (0)        ; 0           ; 0            ; 0       ; 0         ; 0    ; 0            ; |final|seg:comb_22                    ;              ;
;    |seg:comb_24|           ; 7 (7)             ; 0 (0)        ; 0           ; 0            ; 0       ; 0         ; 0    ; 0            ; |final|seg:comb_24                    ;              ;
;    |timercount:comb_4|     ; 62 (13)           ; 35 (6)       ; 0           ; 0            ; 0       ; 0         ; 0    ; 0            ; |final|timercount:comb_4              ;              ;
;       |timerclock:c|       ; 49 (49)           ; 29 (29)      ; 0           ; 0            ; 0       ; 0         ; 0    ; 0            ; |final|timercount:comb_4|timerclock:c ;              ;
+----------------------------+-------------------+--------------+-------------+--------------+---------+-----------+------+--------------+---------------------------------------+--------------+
Note: For table entries with two numbers listed, the numbers in parentheses indicate the number of resources of the given type used by the specific entity alone. The numbers listed outside of parentheses indicate the total resources of the given type used by the specific entity and all of its sub-entities in the hierarchy.


Encoding Type:  One-Hot
+-------------------------------------------------------------------------------------------------------------------------------------------------------------------------------------------------------------------------------------------------------------------------------------------------------------------------+
; State Machine - |final|game:comb_5|current_state                                                                                                                                                                                                                                                                        ;
+--------------------+--------------------+-------------------+-------------------+-------------------+-------------------+------------------+------------------+------------------+------------------+------------------+------------------+------------------+------------------+------------------+--------------------+
; Name               ; current_state.1110 ; current_state.S13 ; current_state.S12 ; current_state.S11 ; current_state.S10 ; current_state.S9 ; current_state.S8 ; current_state.S7 ; current_state.S6 ; current_state.S5 ; current_state.S4 ; current_state.S3 ; current_state.S2 ; current_state.S1 ; current_state.0000 ;
+--------------------+--------------------+-------------------+-------------------+-------------------+-------------------+------------------+------------------+------------------+------------------+------------------+------------------+------------------+------------------+------------------+--------------------+
; current_state.0000 ; 0                  ; 0                 ; 0                 ; 0                 ; 0                 ; 0                ; 0                ; 0                ; 0                ; 0                ; 0                ; 0                ; 0                ; 0                ; 0                  ;
; current_state.S1   ; 0                  ; 0                 ; 0                 ; 0                 ; 0                 ; 0                ; 0                ; 0                ; 0                ; 0                ; 0                ; 0                ; 0                ; 1                ; 1                  ;
; current_state.S2   ; 0                  ; 0                 ; 0                 ; 0                 ; 0                 ; 0                ; 0                ; 0                ; 0                ; 0                ; 0                ; 0                ; 1                ; 0                ; 1                  ;
; current_state.S3   ; 0                  ; 0                 ; 0                 ; 0                 ; 0                 ; 0                ; 0                ; 0                ; 0                ; 0                ; 0                ; 1                ; 0                ; 0                ; 1                  ;
; current_state.S4   ; 0                  ; 0                 ; 0                 ; 0                 ; 0                 ; 0                ; 0                ; 0                ; 0                ; 0                ; 1                ; 0                ; 0                ; 0                ; 1                  ;
; current_state.S5   ; 0                  ; 0                 ; 0                 ; 0                 ; 0                 ; 0                ; 0                ; 0                ; 0                ; 1                ; 0                ; 0                ; 0                ; 0                ; 1                  ;
; current_state.S6   ; 0                  ; 0                 ; 0                 ; 0                 ; 0                 ; 0                ; 0                ; 0                ; 1                ; 0                ; 0                ; 0                ; 0                ; 0                ; 1                  ;
; current_state.S7   ; 0                  ; 0                 ; 0                 ; 0                 ; 0                 ; 0                ; 0                ; 1                ; 0                ; 0                ; 0                ; 0                ; 0                ; 0                ; 1                  ;
; current_state.S8   ; 0                  ; 0                 ; 0                 ; 0                 ; 0                 ; 0                ; 1                ; 0                ; 0                ; 0                ; 0                ; 0                ; 0                ; 0                ; 1                  ;
; current_state.S9   ; 0                  ; 0                 ; 0                 ; 0                 ; 0                 ; 1                ; 0                ; 0                ; 0                ; 0                ; 0                ; 0                ; 0                ; 0                ; 1                  ;
; current_state.S10  ; 0                  ; 0                 ; 0                 ; 0                 ; 1                 ; 0                ; 0                ; 0                ; 0                ; 0                ; 0                ; 0                ; 0                ; 0                ; 1                  ;
; current_state.S11  ; 0                  ; 0                 ; 0                 ; 1                 ; 0                 ; 0                ; 0                ; 0                ; 0                ; 0                ; 0                ; 0                ; 0                ; 0                ; 1                  ;
; current_state.S12  ; 0                  ; 0                 ; 1                 ; 0                 ; 0                 ; 0                ; 0                ; 0                ; 0                ; 0                ; 0                ; 0                ; 0                ; 0                ; 1                  ;
; current_state.S13  ; 0                  ; 1                 ; 0                 ; 0                 ; 0                 ; 0                ; 0                ; 0                ; 0                ; 0                ; 0                ; 0                ; 0                ; 0                ; 1                  ;
; current_state.1110 ; 1                  ; 0                 ; 0                 ; 0                 ; 0                 ; 0                ; 0                ; 0                ; 0                ; 0                ; 0                ; 0                ; 0                ; 0                ; 1                  ;
+--------------------+--------------------+-------------------+-------------------+-------------------+-------------------+------------------+------------------+------------------+------------------+------------------+------------------+------------------+------------------+------------------+--------------------+


+--------------------------------------------------------------------------------------------------------------+
; User-Specified and Inferred Latches                                                                          ;
+----------------------------------------------------+--------------------------------+------------------------+
; Latch Name                                         ; Latch Enable Signal            ; Free of Timing Hazards ;
+----------------------------------------------------+--------------------------------+------------------------+
; result[3]                                          ; LessThan0                      ; yes                    ;
; result[1]                                          ; LessThan0                      ; yes                    ;
; result[2]                                          ; LessThan0                      ; yes                    ;
; result[0]                                          ; LessThan0                      ; yes                    ;
; game:comb_5|score[3]                               ; game:comb_5|current_state.1110 ; yes                    ;
; game:comb_5|score[2]                               ; game:comb_5|current_state.1110 ; yes                    ;
; game:comb_5|score[1]                               ; game:comb_5|current_state.1110 ; yes                    ;
; game:comb_5|score[0]                               ; game:comb_5|current_state.1110 ; yes                    ;
; Number of user-specified and inferred latches = 8  ;                                ;                        ;
+----------------------------------------------------+--------------------------------+------------------------+
Note: All latches listed above may not be present at the end of synthesis due to various synthesis optimizations.


+------------------------------------------------------------+
; Registers Removed During Synthesis                         ;
+---------------------------------------+--------------------+
; Register name                         ; Reason for Removal ;
+---------------------------------------+--------------------+
; game:comb_5|current_state~2           ; Lost fanout        ;
; game:comb_5|current_state~3           ; Lost fanout        ;
; game:comb_5|current_state~4           ; Lost fanout        ;
; game:comb_5|current_state~5           ; Lost fanout        ;
; Total Number of Removed Registers = 4 ;                    ;
+---------------------------------------+--------------------+


+------------------------------------------------------+
; General Register Statistics                          ;
+----------------------------------------------+-------+
; Statistic                                    ; Value ;
+----------------------------------------------+-------+
; Total registers                              ; 50    ;
; Number of registers using Synchronous Clear  ; 0     ;
; Number of registers using Synchronous Load   ; 0     ;
; Number of registers using Asynchronous Clear ; 0     ;
; Number of registers using Asynchronous Load  ; 0     ;
; Number of registers using Clock Enable       ; 6     ;
; Number of registers using Preset             ; 0     ;
+----------------------------------------------+-------+


+--------------------------------------------------+
; Inverted Register Statistics                     ;
+----------------------------------------+---------+
; Inverted Register                      ; Fan out ;
+----------------------------------------+---------+
; timercount:comb_4|current_count[2]     ; 10      ;
; timercount:comb_4|current_count[1]     ; 10      ;
; timercount:comb_4|current_count[3]     ; 12      ;
; timercount:comb_4|current_count[0]     ; 11      ;
; Total number of inverted registers = 4 ;         ;
+----------------------------------------+---------+


+---------------------------------------------------------------------------------------------------------------------------------------------------------+
; Multiplexer Restructuring Statistics (Restructuring Performed)                                                                                          ;
+--------------------+-----------+---------------+----------------------+------------------------+------------+-------------------------------------------+
; Multiplexer Inputs ; Bus Width ; Baseline Area ; Area if Restructured ; Saving if Restructured ; Registered ; Example Multiplexer Output                ;
+--------------------+-----------+---------------+----------------------+------------------------+------------+-------------------------------------------+
; 4:1                ; 2 bits    ; 4 LEs         ; 2 LEs                ; 2 LEs                  ; Yes        ; |final|timercount:comb_4|current_count[5] ;
; 4:1                ; 4 bits    ; 8 LEs         ; 4 LEs                ; 4 LEs                  ; Yes        ; |final|timercount:comb_4|current_count[3] ;
; 3:1                ; 13 bits   ; 26 LEs        ; 26 LEs               ; 0 LEs                  ; No         ; |final|game:comb_5|current_state          ;
+--------------------+-----------+---------------+----------------------+------------------------+------------+-------------------------------------------+


+------------------------------------------------------------------------------------------------------------------------------------------------------------------------------------------------------------+
; Port Connectivity Checks: "seg:comb_24"                                                                                                                                                                    ;
+------+-------+----------+----------------------------------------------------------------------------------------------------------------------------------------------------------------------------------+
; Port ; Type  ; Severity ; Details                                                                                                                                                                          ;
+------+-------+----------+----------------------------------------------------------------------------------------------------------------------------------------------------------------------------------+
; in   ; Input ; Warning  ; Input port expression (5 bits) is wider than the input port (4 bits) it drives.  The 1 most-significant bit(s) in the expression will be dangling if they have no other fanouts. ;
+------+-------+----------+----------------------------------------------------------------------------------------------------------------------------------------------------------------------------------+


+----------------------------------------------------------------------------------------------------------------------------------------------------------------------+
; Port Connectivity Checks: "seg:comb_23"                                                                                                                              ;
+------+-------+----------+--------------------------------------------------------------------------------------------------------------------------------------------+
; Port ; Type  ; Severity ; Details                                                                                                                                    ;
+------+-------+----------+--------------------------------------------------------------------------------------------------------------------------------------------+
; in   ; Input ; Warning  ; Input port expression (1 bits) is smaller than the input port (4 bits) it drives.  Extra input bit(s) "in[3..1]" will be connected to GND. ;
+------+-------+----------+--------------------------------------------------------------------------------------------------------------------------------------------+


+------------------------------------------------------------------------------------------------------------------------------------------------------------------------------------------------------------+
; Port Connectivity Checks: "seg:comb_22"                                                                                                                                                                    ;
+------+-------+----------+----------------------------------------------------------------------------------------------------------------------------------------------------------------------------------+
; Port ; Type  ; Severity ; Details                                                                                                                                                                          ;
+------+-------+----------+----------------------------------------------------------------------------------------------------------------------------------------------------------------------------------+
; in   ; Input ; Warning  ; Input port expression (6 bits) is wider than the input port (4 bits) it drives.  The 2 most-significant bit(s) in the expression will be dangling if they have no other fanouts. ;
+------+-------+----------+----------------------------------------------------------------------------------------------------------------------------------------------------------------------------------+


+----------------------------------------------------------------------------------------------------------------------------------------------------------------------+
; Port Connectivity Checks: "seg:comb_21"                                                                                                                              ;
+------+-------+----------+--------------------------------------------------------------------------------------------------------------------------------------------+
; Port ; Type  ; Severity ; Details                                                                                                                                    ;
+------+-------+----------+--------------------------------------------------------------------------------------------------------------------------------------------+
; in   ; Input ; Warning  ; Input port expression (1 bits) is smaller than the input port (4 bits) it drives.  Extra input bit(s) "in[3..1]" will be connected to GND. ;
+------+-------+----------+--------------------------------------------------------------------------------------------------------------------------------------------+


+-------------------------------------------------------------------------------------------------------------------+
; Port Connectivity Checks: "timerclock:comb_3"                                                                     ;
+---------+--------+----------+-------------------------------------------------------------------------------------+
; Port    ; Type   ; Severity ; Details                                                                             ;
+---------+--------+----------+-------------------------------------------------------------------------------------+
; clk_out ; Output ; Info     ; Connected to dangling logic. Logic that only feeds a dangling port will be removed. ;
+---------+--------+----------+-------------------------------------------------------------------------------------+


+-------------------------------+
; Analysis & Synthesis Messages ;
+-------------------------------+
Info: *******************************************************************
Info: Running Quartus II Analysis & Synthesis
    Info: Version 9.1 Build 350 03/24/2010 Service Pack 2 SJ Web Edition
    Info: Processing started: Tue Jun 15 14:41:37 2021
Info: Command: quartus_map --read_settings_files=on --write_settings_files=off final -c final
Warning (10463): Verilog HDL Declaration warning at final.v(1): "final" is SystemVerilog-2005 keyword
Info: Found 5 design units, including 5 entities, in source file final.v
    Info: Found entity 1: final
    Info: Found entity 2: game
    Info: Found entity 3: timercount
    Info: Found entity 4: timerclock
    Info: Found entity 5: seg
Critical Warning (10846): Verilog HDL Instantiation warning at final.v(13): instance has no name
Critical Warning (10846): Verilog HDL Instantiation warning at final.v(14): instance has no name
Critical Warning (10846): Verilog HDL Instantiation warning at final.v(15): instance has no name
Critical Warning (10846): Verilog HDL Instantiation warning at final.v(20): instance has no name
Critical Warning (10846): Verilog HDL Instantiation warning at final.v(21): instance has no name
Critical Warning (10846): Verilog HDL Instantiation warning at final.v(22): instance has no name
Critical Warning (10846): Verilog HDL Instantiation warning at final.v(23): instance has no name
Info: Elaborating entity "final" for the top level hierarchy
Warning (10230): Verilog HDL assignment warning at final.v(17): truncated value with size 32 to match size of target (1)
Warning (10230): Verilog HDL assignment warning at final.v(18): truncated value with size 32 to match size of target (1)
Info (10041): Inferred latch for "result[0]" at final.v(16)
Info (10041): Inferred latch for "result[1]" at final.v(16)
Info (10041): Inferred latch for "result[2]" at final.v(16)
Info (10041): Inferred latch for "result[3]" at final.v(16)
Info (10041): Inferred latch for "result[4]" at final.v(16)
Info: Elaborating entity "timerclock" for hierarchy "timerclock:comb_3"
Warning (10230): Verilog HDL assignment warning at final.v(276): truncated value with size 32 to match size of target (28)
Info: Elaborating entity "timercount" for hierarchy "timercount:comb_4"
Warning (10230): Verilog HDL assignment warning at final.v(256): truncated value with size 32 to match size of target (6)
Info: Elaborating entity "game" for hierarchy "game:comb_5"
Warning (10235): Verilog HDL Always Construct warning at final.v(230): variable "score" is read inside the Always Construct but isn't in the Always Construct's Event Control
Warning (10240): Verilog HDL Always Construct warning at final.v(67): inferring latch(es) for variable "score", which holds its previous value in one or more paths through the always construct
Info (10041): Inferred latch for "score[0]" at final.v(67)
Info (10041): Inferred latch for "score[1]" at final.v(67)
Info (10041): Inferred latch for "score[2]" at final.v(67)
Info (10041): Inferred latch for "score[3]" at final.v(67)
Info (10041): Inferred latch for "score[4]" at final.v(67)
Info: Elaborating entity "seg" for hierarchy "seg:comb_21"
Warning (10199): Verilog HDL Case Statement warning at final.v(307): case item expression never matches the case expression
Warning (10199): Verilog HDL Case Statement warning at final.v(309): case item expression never matches the case expression
Warning (10199): Verilog HDL Case Statement warning at final.v(311): case item expression never matches the case expression
Warning (10199): Verilog HDL Case Statement warning at final.v(313): case item expression never matches the case expression
Warning: 4 hierarchies have connectivity warnings - see the Connectivity Checks report folder
Warning: Latch result[3] has unsafe behavior
    Warning: Ports D and ENA on the latch are fed by the same signal game:comb_5|score[3]
Warning: Latch result[1] has unsafe behavior
    Warning: Ports D and ENA on the latch are fed by the same signal game:comb_5|score[1]
Warning: Latch result[2] has unsafe behavior
    Warning: Ports D and ENA on the latch are fed by the same signal game:comb_5|score[2]
Warning: Latch result[0] has unsafe behavior
    Warning: Ports D and ENA on the latch are fed by the same signal game:comb_5|score[0]
Warning: Output pins are stuck at VCC or GND
    Warning (13410): Pin "outa[1]" is stuck at GND
    Warning (13410): Pin "outa[2]" is stuck at GND
    Warning (13410): Pin "outa[6]" is stuck at VCC
    Warning (13410): Pin "outa[7]" is stuck at VCC
    Warning (13410): Pin "outb[7]" is stuck at VCC
    Warning (13410): Pin "outc[1]" is stuck at GND
    Warning (13410): Pin "outc[2]" is stuck at GND
    Warning (13410): Pin "outc[6]" is stuck at VCC
    Warning (13410): Pin "outc[7]" is stuck at VCC
    Warning (13410): Pin "outd[7]" is stuck at VCC
Info: Timing-Driven Synthesis is running
Info: 4 registers lost all their fanouts during netlist optimizations. The first 4 are displayed below.
    Info: Register "game:comb_5|current_state~2" lost all its fanouts during netlist optimizations.
    Info: Register "game:comb_5|current_state~3" lost all its fanouts during netlist optimizations.
    Info: Register "game:comb_5|current_state~4" lost all its fanouts during netlist optimizations.
    Info: Register "game:comb_5|current_state~5" lost all its fanouts during netlist optimizations.
Info: Generated suppressed messages file C:/Users/YANGLONG TAY/Desktop/final/final.map.smsg
Info: Implemented 177 device resources after synthesis - the final resource count might be different
    Info: Implemented 7 input pins
    Info: Implemented 37 output pins
    Info: Implemented 133 logic cells
Info: Quartus II Analysis & Synthesis was successful. 0 errors, 38 warnings
    Info: Peak virtual memory: 227 megabytes
    Info: Processing ended: Tue Jun 15 14:41:39 2021
    Info: Elapsed time: 00:00:02
    Info: Total CPU time (on all processors): 00:00:01


+------------------------------------------+
; Analysis & Synthesis Suppressed Messages ;
+------------------------------------------+
The suppressed messages can be found in C:/Users/YANGLONG TAY/Desktop/final/final.map.smsg.


